# JRE version: Java(TM) SE Runtime Environment (19.0+36) (build 19+36-2238)
# Java VM: Java HotSpot(TM) 64-Bit Server VM (19+36-2238, mixed mode, sharing, tiered, compressed oops, compressed class ptrs, g1 gc, windows-amd64)
GC Precious Log:
 CardTable entry size: 512
 Card Set container configuration: InlinePtr #cards 5 size 8 Array Of Cards #cards 12 size 40 Howl #buckets 4 coarsen threshold 1843 Howl Bitmap #cards 512 size 80 coarsen threshold 460 Card regions per heap region 1 cards per card region 2048
 CPUs: 16 total, 16 available
 Memory: 8140M
 Large Page Support: Disabled
 NUMA Support: Disabled
 Compressed Oops: Enabled (32-bit)
 Heap Region Size: 1M
 Heap Min Capacity: 8M
 Heap Initial Capacity: 128M
 Heap Max Capacity: 2036M
 Pre-touch: Disabled
 Parallel Workers: 13
 Concurrent Workers: 3
 Concurrent Refinement Workers: 13
 Periodic GC: Disabled
Heap:
 garbage-first heap   total 162816K, used 52224K [0x0000000080c00000, 0x0000000100000000)
  region size 1024K, 3 young (3072K), 3 survivors (3072K)
 Metaspace       used 32379K, committed 32832K, reserved 1114112K
  class space    used 3416K, committed 3648K, reserved 1048576K
GC Heap History (20 events):
Event: 1.651 GC heap after
{Heap after GC invocations=3 (full 0):
 garbage-first heap   total 131072K, used 12997K [0x0000000080c00000, 0x0000000100000000)
  region size 1024K, 10 young (10240K), 10 survivors (10240K)
 Metaspace       used 13714K, committed 13952K, reserved 1114112K
  class space    used 1458K, committed 1600K, reserved 1048576K
}
Event: 1.888 GC heap before
{Heap before GC invocations=3 (full 0):
 garbage-first heap   total 131072K, used 81605K [0x0000000080c00000, 0x0000000100000000)
  region size 1024K, 26 young (26624K), 10 survivors (10240K)
 Metaspace       used 14981K, committed 15232K, reserved 1114112K
  class space    used 1578K, committed 1664K, reserved 1048576K
}
Event: 1.896 GC heap after
{Heap after GC invocations=4 (full 0):
 garbage-first heap   total 131072K, used 34727K [0x0000000080c00000, 0x0000000100000000)
  region size 1024K, 2 young (2048K), 2 survivors (2048K)
 Metaspace       used 14981K, committed 15232K, reserved 1114112K
  class space    used 1578K, committed 1664K, reserved 1048576K
}
Event: 2.451 GC heap before
{Heap before GC invocations=4 (full 0):
 garbage-first heap   total 131072K, used 105383K [0x0000000080c00000, 0x0000000100000000)
  region size 1024K, 59 young (60416K), 2 survivors (2048K)
 Metaspace       used 18059K, committed 18368K, reserved 1114112K
  class space    used 1882K, committed 2048K, reserved 1048576K
}
Event: 2.455 GC heap after
{Heap after GC invocations=5 (full 0):
 garbage-first heap   total 157696K, used 16476K [0x0000000080c00000, 0x0000000100000000)
  region size 1024K, 5 young (5120K), 5 survivors (5120K)
 Metaspace       used 18059K, committed 18368K, reserved 1114112K
  class space    used 1882K, committed 2048K, reserved 1048576K
}
Event: 2.999 GC heap before
{Heap before GC invocations=5 (full 0):
 garbage-first heap   total 157696K, used 106588K [0x0000000080c00000, 0x0000000100000000)
  region size 1024K, 92 young (94208K), 5 survivors (5120K)
 Metaspace       used 19494K, committed 19904K, reserved 1114112K
  class space    used 2042K, committed 2240K, reserved 1048576K
}
Event: 3.005 GC heap after
{Heap after GC invocations=6 (full 0):
 garbage-first heap   total 157696K, used 21335K [0x0000000080c00000, 0x0000000100000000)
  region size 1024K, 9 young (9216K), 9 survivors (9216K)
 Metaspace       used 19494K, committed 19904K, reserved 1114112K
  class space    used 2042K, committed 2240K, reserved 1048576K
}
Event: 3.280 GC heap before
{Heap before GC invocations=6 (full 0):
 garbage-first heap   total 157696K, used 61271K [0x0000000080c00000, 0x0000000100000000)
  region size 1024K, 49 young (50176K), 9 survivors (9216K)
 Metaspace       used 21078K, committed 21504K, reserved 1114112K
  class space    used 2183K, committed 2432K, reserved 1048576K
}
Event: 3.286 GC heap after
{Heap after GC invocations=7 (full 0):
 garbage-first heap   total 157696K, used 23728K [0x0000000080c00000, 0x0000000100000000)
  region size 1024K, 8 young (8192K), 8 survivors (8192K)
 Metaspace       used 21078K, committed 21504K, reserved 1114112K
  class space    used 2183K, committed 2432K, reserved 1048576K
}
Event: 3.485 GC heap before
{Heap before GC invocations=8 (full 0):
 garbage-first heap   total 86016K, used 84144K [0x0000000080c00000, 0x0000000100000000)
  region size 1024K, 61 young (62464K), 8 survivors (8192K)
 Metaspace       used 21287K, committed 21696K, reserved 1114112K
  class space    used 2197K, committed 2432K, reserved 1048576K
}
Event: 3.495 GC heap after
{Heap after GC invocations=9 (full 0):
 garbage-first heap   total 101376K, used 33034K [0x0000000080c00000, 0x0000000100000000)
  region size 1024K, 10 young (10240K), 10 survivors (10240K)
 Metaspace       used 21287K, committed 21696K, reserved 1114112K
  class space    used 2197K, committed 2432K, reserved 1048576K
}
Event: 3.497 GC heap before
{Heap before GC invocations=9 (full 0):
 garbage-first heap   total 101376K, used 34058K [0x0000000080c00000, 0x0000000100000000)
  region size 1024K, 11 young (11264K), 10 survivors (10240K)
 Metaspace       used 21287K, committed 21696K, reserved 1114112K
  class space    used 2197K, committed 2432K, reserved 1048576K
}
Event: 3.501 GC heap after
{Heap after GC invocations=10 (full 0):
 garbage-first heap   total 101376K, used 34523K [0x0000000080c00000, 0x0000000100000000)
  region size 1024K, 1 young (1024K), 1 survivors (1024K)
 Metaspace       used 21287K, committed 21696K, reserved 1114112K
  class space    used 2197K, committed 2432K, reserved 1048576K
}
Event: 3.631 GC heap before
{Heap before GC invocations=10 (full 0):
 garbage-first heap   total 101376K, used 86747K [0x0000000080c00000, 0x0000000100000000)
  region size 1024K, 44 young (45056K), 1 survivors (1024K)
 Metaspace       used 21298K, committed 21760K, reserved 1114112K
  class space    used 2200K, committed 2432K, reserved 1048576K
}
Event: 3.632 GC heap after
{Heap after GC invocations=11 (full 0):
 garbage-first heap   total 101376K, used 33864K [0x0000000080c00000, 0x0000000100000000)
  region size 1024K, 1 young (1024K), 1 survivors (1024K)
 Metaspace       used 21298K, committed 21760K, reserved 1114112K
  class space    used 2200K, committed 2432K, reserved 1048576K
}
Event: 4.111 GC heap before
{Heap before GC invocations=11 (full 0):
 garbage-first heap   total 101376K, used 90184K [0x0000000080c00000, 0x0000000100000000)
  region size 1024K, 46 young (47104K), 1 survivors (1024K)
 Metaspace       used 23487K, committed 23936K, reserved 1114112K
  class space    used 2383K, committed 2560K, reserved 1048576K
}
Event: 4.117 GC heap after
{Heap after GC invocations=12 (full 0):
 garbage-first heap   total 101376K, used 41984K [0x0000000080c00000, 0x0000000100000000)
  region size 1024K, 6 young (6144K), 6 survivors (6144K)
 Metaspace       used 23487K, committed 23936K, reserved 1114112K
  class space    used 2383K, committed 2560K, reserved 1048576K
}
Event: 4.372 GC heap before
{Heap before GC invocations=12 (full 0):
 garbage-first heap   total 101376K, used 83968K [0x0000000080c00000, 0x0000000100000000)
  region size 1024K, 42 young (43008K), 6 survivors (6144K)
 Metaspace       used 27321K, committed 27840K, reserved 1114112K
  class space    used 2867K, committed 3136K, reserved 1048576K
}
Event: 4.384 GC heap after
{Heap after GC invocations=13 (full 0):
 garbage-first heap   total 101376K, used 52857K [0x0000000080c00000, 0x0000000100000000)
  region size 1024K, 6 young (6144K), 6 survivors (6144K)
 Metaspace       used 27321K, committed 27840K, reserved 1114112K
  class space    used 2867K, committed 3136K, reserved 1048576K
}
Event: 4.838 GC heap before
{Heap before GC invocations=13 (full 0):
 garbage-first heap   total 101376K, used 79481K [0x0000000080c00000, 0x0000000100000000)
  region size 1024K, 32 young (32768K), 6 survivors (6144K)
 Metaspace       used 32379K, committed 32832K, reserved 1114112K
  class space    used 3416K, committed 3648K, reserved 1048576K
}

