# JRE version: Java(TM) SE Runtime Environment (19.0+36) (build 19+36-2238)
# Java VM: Java HotSpot(TM) 64-Bit Server VM (19+36-2238, mixed mode, sharing, tiered, compressed oops, compressed class ptrs, g1 gc, windows-amd64)
GC Precious Log:
 CardTable entry size: 512
 Card Set container configuration: InlinePtr #cards 5 size 8 Array Of Cards #cards 12 size 40 Howl #buckets 4 coarsen threshold 1843 Howl Bitmap #cards 512 size 80 coarsen threshold 460 Card regions per heap region 1 cards per card region 2048
 CPUs: 16 total, 16 available
 Memory: 8140M
 Large Page Support: Disabled
 NUMA Support: Disabled
 Compressed Oops: Enabled (32-bit)
 Heap Region Size: 1M
 Heap Min Capacity: 8M
 Heap Initial Capacity: 128M
 Heap Max Capacity: 2036M
 Pre-touch: Disabled
 Parallel Workers: 13
 Concurrent Workers: 3
 Concurrent Refinement Workers: 13
 Periodic GC: Disabled
Heap:
 garbage-first heap   total 71680K, used 32919K [0x0000000080c00000, 0x0000000100000000)
  region size 1024K, 13 young (13312K), 3 survivors (3072K)
 Metaspace       used 53201K, committed 53696K, reserved 1114112K
  class space    used 7048K, committed 7296K, reserved 1048576K
GC Heap History (20 events):
Event: 0.421 GC heap before
{Heap before GC invocations=0 (full 0):
 garbage-first heap   total 131072K, used 24576K [0x0000000080c00000, 0x0000000100000000)
  region size 1024K, 23 young (23552K), 0 survivors (0K)
 Metaspace       used 5034K, committed 5248K, reserved 1114112K
  class space    used 558K, committed 640K, reserved 1048576K
}
Event: 0.427 GC heap after
{Heap after GC invocations=1 (full 0):
 garbage-first heap   total 131072K, used 8072K [0x0000000080c00000, 0x0000000100000000)
  region size 1024K, 3 young (3072K), 3 survivors (3072K)
 Metaspace       used 5034K, committed 5248K, reserved 1114112K
  class space    used 558K, committed 640K, reserved 1048576K
}
Event: 0.887 GC heap before
{Heap before GC invocations=1 (full 0):
 garbage-first heap   total 131072K, used 35720K [0x0000000080c00000, 0x0000000100000000)
  region size 1024K, 30 young (30720K), 3 survivors (3072K)
 Metaspace       used 12381K, committed 12672K, reserved 1114112K
  class space    used 1515K, committed 1664K, reserved 1048576K
}
Event: 0.894 GC heap after
{Heap after GC invocations=2 (full 0):
 garbage-first heap   total 131072K, used 10706K [0x0000000080c00000, 0x0000000100000000)
  region size 1024K, 3 young (3072K), 3 survivors (3072K)
 Metaspace       used 12381K, committed 12672K, reserved 1114112K
  class space    used 1515K, committed 1664K, reserved 1048576K
}
Event: 1.317 GC heap before
{Heap before GC invocations=2 (full 0):
 garbage-first heap   total 131072K, used 51666K [0x0000000080c00000, 0x0000000100000000)
  region size 1024K, 45 young (46080K), 3 survivors (3072K)
 Metaspace       used 21168K, committed 21504K, reserved 1114112K
  class space    used 2572K, committed 2752K, reserved 1048576K
}
Event: 1.323 GC heap after
{Heap after GC invocations=3 (full 0):
 garbage-first heap   total 131072K, used 13692K [0x0000000080c00000, 0x0000000100000000)
  region size 1024K, 6 young (6144K), 6 survivors (6144K)
 Metaspace       used 21168K, committed 21504K, reserved 1114112K
  class space    used 2572K, committed 2752K, reserved 1048576K
}
Event: 1.683 GC heap before
{Heap before GC invocations=4 (full 0):
 garbage-first heap   total 55296K, used 40316K [0x0000000080c00000, 0x0000000100000000)
  region size 1024K, 32 young (32768K), 6 survivors (6144K)
 Metaspace       used 23312K, committed 23616K, reserved 1114112K
  class space    used 2858K, committed 3008K, reserved 1048576K
}
Event: 1.691 GC heap after
{Heap after GC invocations=5 (full 0):
 garbage-first heap   total 55296K, used 15066K [0x0000000080c00000, 0x0000000100000000)
  region size 1024K, 3 young (3072K), 3 survivors (3072K)
 Metaspace       used 23312K, committed 23616K, reserved 1114112K
  class space    used 2858K, committed 3008K, reserved 1048576K
}
Event: 1.708 GC heap before
{Heap before GC invocations=5 (full 0):
 garbage-first heap   total 55296K, used 16090K [0x0000000080c00000, 0x0000000100000000)
  region size 1024K, 4 young (4096K), 3 survivors (3072K)
 Metaspace       used 23405K, committed 23680K, reserved 1114112K
  class space    used 2870K, committed 3008K, reserved 1048576K
}
Event: 1.712 GC heap after
{Heap after GC invocations=6 (full 0):
 garbage-first heap   total 55296K, used 15540K [0x0000000080c00000, 0x0000000100000000)
  region size 1024K, 1 young (1024K), 1 survivors (1024K)
 Metaspace       used 23405K, committed 23680K, reserved 1114112K
  class space    used 2870K, committed 3008K, reserved 1048576K
}
Event: 2.053 GC heap before
{Heap before GC invocations=6 (full 0):
 garbage-first heap   total 55296K, used 36020K [0x0000000080c00000, 0x0000000100000000)
  region size 1024K, 22 young (22528K), 1 survivors (1024K)
 Metaspace       used 26391K, committed 26752K, reserved 1114112K
  class space    used 3293K, committed 3456K, reserved 1048576K
}
Event: 2.057 GC heap after
{Heap after GC invocations=7 (full 0):
 garbage-first heap   total 93184K, used 16955K [0x0000000080c00000, 0x0000000100000000)
  region size 1024K, 2 young (2048K), 2 survivors (2048K)
 Metaspace       used 26391K, committed 26752K, reserved 1114112K
  class space    used 3293K, committed 3456K, reserved 1048576K
}
Event: 2.737 GC heap before
{Heap before GC invocations=7 (full 0):
 garbage-first heap   total 93184K, used 54843K [0x0000000080c00000, 0x0000000100000000)
  region size 1024K, 40 young (40960K), 2 survivors (2048K)
 Metaspace       used 35526K, committed 35968K, reserved 1114112K
  class space    used 4592K, committed 4800K, reserved 1048576K
}
Event: 2.745 GC heap after
{Heap after GC invocations=8 (full 0):
 garbage-first heap   total 93184K, used 19734K [0x0000000080c00000, 0x0000000100000000)
  region size 1024K, 5 young (5120K), 5 survivors (5120K)
 Metaspace       used 35526K, committed 35968K, reserved 1114112K
  class space    used 4592K, committed 4800K, reserved 1048576K
}
Event: 3.402 GC heap before
{Heap before GC invocations=9 (full 0):
 garbage-first heap   total 71680K, used 57622K [0x0000000080c00000, 0x0000000100000000)
  region size 1024K, 42 young (43008K), 5 survivors (5120K)
 Metaspace       used 46189K, committed 46656K, reserved 1114112K
  class space    used 6162K, committed 6400K, reserved 1048576K
}
Event: 3.410 GC heap after
{Heap after GC invocations=10 (full 0):
 garbage-first heap   total 71680K, used 22231K [0x0000000080c00000, 0x0000000100000000)
  region size 1024K, 6 young (6144K), 6 survivors (6144K)
 Metaspace       used 46189K, committed 46656K, reserved 1114112K
  class space    used 6162K, committed 6400K, reserved 1048576K
}
Event: 3.420 GC heap before
{Heap before GC invocations=10 (full 0):
 garbage-first heap   total 71680K, used 23255K [0x0000000080c00000, 0x0000000100000000)
  region size 1024K, 7 young (7168K), 6 survivors (6144K)
 Metaspace       used 46439K, committed 46848K, reserved 1114112K
  class space    used 6188K, committed 6400K, reserved 1048576K
}
Event: 3.427 GC heap after
{Heap after GC invocations=11 (full 0):
 garbage-first heap   total 71680K, used 22361K [0x0000000080c00000, 0x0000000100000000)
  region size 1024K, 1 young (1024K), 1 survivors (1024K)
 Metaspace       used 46439K, committed 46848K, reserved 1114112K
  class space    used 6188K, committed 6400K, reserved 1048576K
}
Event: 3.854 GC heap before
{Heap before GC invocations=11 (full 0):
 garbage-first heap   total 71680K, used 54105K [0x0000000080c00000, 0x0000000100000000)
  region size 1024K, 33 young (33792K), 1 survivors (1024K)
 Metaspace       used 52358K, committed 52864K, reserved 1114112K
  class space    used 6948K, committed 7168K, reserved 1048576K
}
Event: 3.858 GC heap after
{Heap after GC invocations=12 (full 0):
 garbage-first heap   total 71680K, used 23703K [0x0000000080c00000, 0x0000000100000000)
  region size 1024K, 3 young (3072K), 3 survivors (3072K)
 Metaspace       used 52358K, committed 52864K, reserved 1114112K
  class space    used 6948K, committed 7168K, reserved 1048576K
}

