# JRE version: Java(TM) SE Runtime Environment (19.0+36) (build 19+36-2238)
# Java VM: Java HotSpot(TM) 64-Bit Server VM (19+36-2238, mixed mode, sharing, tiered, compressed oops, compressed class ptrs, g1 gc, windows-amd64)
GC Precious Log:
 CardTable entry size: 512
 Card Set container configuration: InlinePtr #cards 5 size 8 Array Of Cards #cards 12 size 40 Howl #buckets 4 coarsen threshold 1843 Howl Bitmap #cards 512 size 80 coarsen threshold 460 Card regions per heap region 1 cards per card region 2048
 CPUs: 16 total, 16 available
 Memory: 8140M
 Large Page Support: Disabled
 NUMA Support: Disabled
 Compressed Oops: Enabled (32-bit)
 Heap Region Size: 1M
 Heap Min Capacity: 8M
 Heap Initial Capacity: 128M
 Heap Max Capacity: 2036M
 Pre-touch: Disabled
 Parallel Workers: 13
 Concurrent Workers: 3
 Concurrent Refinement Workers: 13
 Periodic GC: Disabled
Heap:
 garbage-first heap   total 51200K, used 28845K [0x0000000080c00000, 0x0000000100000000)
  region size 1024K, 14 young (14336K), 3 survivors (3072K)
 Metaspace       used 31409K, committed 31936K, reserved 1114112K
  class space    used 4036K, committed 4288K, reserved 1048576K
GC Heap History (14 events):
Event: 0.513 GC heap before
{Heap before GC invocations=0 (full 0):
 garbage-first heap   total 131072K, used 23552K [0x0000000080c00000, 0x0000000100000000)
  region size 1024K, 23 young (23552K), 0 survivors (0K)
 Metaspace       used 5045K, committed 5248K, reserved 1114112K
  class space    used 561K, committed 640K, reserved 1048576K
}
Event: 0.518 GC heap after
{Heap after GC invocations=1 (full 0):
 garbage-first heap   total 131072K, used 8063K [0x0000000080c00000, 0x0000000100000000)
  region size 1024K, 3 young (3072K), 3 survivors (3072K)
 Metaspace       used 5045K, committed 5248K, reserved 1114112K
  class space    used 561K, committed 640K, reserved 1048576K
}
Event: 1.068 GC heap before
{Heap before GC invocations=1 (full 0):
 garbage-first heap   total 131072K, used 34687K [0x0000000080c00000, 0x0000000100000000)
  region size 1024K, 29 young (29696K), 3 survivors (3072K)
 Metaspace       used 12138K, committed 12416K, reserved 1114112K
  class space    used 1476K, committed 1600K, reserved 1048576K
}
Event: 1.073 GC heap after
{Heap after GC invocations=2 (full 0):
 garbage-first heap   total 131072K, used 10565K [0x0000000080c00000, 0x0000000100000000)
  region size 1024K, 3 young (3072K), 3 survivors (3072K)
 Metaspace       used 12138K, committed 12416K, reserved 1114112K
  class space    used 1476K, committed 1600K, reserved 1048576K
}
Event: 1.640 GC heap before
{Heap before GC invocations=2 (full 0):
 garbage-first heap   total 131072K, used 51525K [0x0000000080c00000, 0x0000000100000000)
  region size 1024K, 45 young (46080K), 3 survivors (3072K)
 Metaspace       used 21175K, committed 21504K, reserved 1114112K
  class space    used 2575K, committed 2752K, reserved 1048576K
}
Event: 1.647 GC heap after
{Heap after GC invocations=3 (full 0):
 garbage-first heap   total 131072K, used 13689K [0x0000000080c00000, 0x0000000100000000)
  region size 1024K, 6 young (6144K), 6 survivors (6144K)
 Metaspace       used 21175K, committed 21504K, reserved 1114112K
  class space    used 2575K, committed 2752K, reserved 1048576K
}
Event: 2.023 GC heap before
{Heap before GC invocations=4 (full 0):
 garbage-first heap   total 51200K, used 38265K [0x0000000080c00000, 0x0000000100000000)
  region size 1024K, 30 young (30720K), 6 survivors (6144K)
 Metaspace       used 23057K, committed 23360K, reserved 1114112K
  class space    used 2816K, committed 3008K, reserved 1048576K
}
Event: 2.032 GC heap after
{Heap after GC invocations=5 (full 0):
 garbage-first heap   total 51200K, used 15072K [0x0000000080c00000, 0x0000000100000000)
  region size 1024K, 3 young (3072K), 3 survivors (3072K)
 Metaspace       used 23057K, committed 23360K, reserved 1114112K
  class space    used 2816K, committed 3008K, reserved 1048576K
}
Event: 2.052 GC heap before
{Heap before GC invocations=5 (full 0):
 garbage-first heap   total 51200K, used 16096K [0x0000000080c00000, 0x0000000100000000)
  region size 1024K, 4 young (4096K), 3 survivors (3072K)
 Metaspace       used 23171K, committed 23488K, reserved 1114112K
  class space    used 2833K, committed 3008K, reserved 1048576K
}
Event: 2.056 GC heap after
{Heap after GC invocations=6 (full 0):
 garbage-first heap   total 51200K, used 15517K [0x0000000080c00000, 0x0000000100000000)
  region size 1024K, 1 young (1024K), 1 survivors (1024K)
 Metaspace       used 23171K, committed 23488K, reserved 1114112K
  class space    used 2833K, committed 3008K, reserved 1048576K
}
Event: 2.410 GC heap before
{Heap before GC invocations=6 (full 0):
 garbage-first heap   total 51200K, used 32925K [0x0000000080c00000, 0x0000000100000000)
  region size 1024K, 19 young (19456K), 1 survivors (1024K)
 Metaspace       used 25751K, committed 26112K, reserved 1114112K
  class space    used 3210K, committed 3392K, reserved 1048576K
}
Event: 2.413 GC heap after
{Heap after GC invocations=7 (full 0):
 garbage-first heap   total 51200K, used 16682K [0x0000000080c00000, 0x0000000100000000)
  region size 1024K, 2 young (2048K), 2 survivors (2048K)
 Metaspace       used 25751K, committed 26112K, reserved 1114112K
  class space    used 3210K, committed 3392K, reserved 1048576K
}
Event: 2.770 GC heap before
{Heap before GC invocations=7 (full 0):
 garbage-first heap   total 51200K, used 36138K [0x0000000080c00000, 0x0000000100000000)
  region size 1024K, 21 young (21504K), 2 survivors (2048K)
 Metaspace       used 28578K, committed 29056K, reserved 1114112K
  class space    used 3639K, committed 3840K, reserved 1048576K
}
Event: 2.777 GC heap after
{Heap after GC invocations=8 (full 0):
 garbage-first heap   total 51200K, used 18605K [0x0000000080c00000, 0x0000000100000000)
  region size 1024K, 3 young (3072K), 3 survivors (3072K)
 Metaspace       used 28578K, committed 29056K, reserved 1114112K
  class space    used 3639K, committed 3840K, reserved 1048576K
}

